WARNING: This is a development server. Do not use it in a production deployment. Use a production WSGI server instead.
 * Running on http://127.0.0.1:5000
Press CTRL+C to quit
 * Restarting with stat
 * Debugger is active!
 * Debugger PIN: 742-134-378
 * Detected change in 'C:\\Users\\Dominique\\Desktop\\BSIT\\ims\\BillingSystem\\BackEnd\\app.py', reloading
 * Restarting with stat
 * Debugger is active!
 * Debugger PIN: 742-134-378
 * Detected change in 'C:\\Users\\Dominique\\Desktop\\BSIT\\ims\\BillingSystem\\BackEnd\\routes\\menu.py', reloading
 * Restarting with stat
 * Debugger is active!
 * Debugger PIN: 742-134-378
 * Detected change in 'C:\\Users\\Dominique\\Desktop\\BSIT\\ims\\BillingSystem\\BackEnd\\routes\\menu.py', reloading
 * Restarting with stat
 * Debugger is active!
 * Debugger PIN: 742-134-378
 * Detected change in 'C:\\Users\\Dominique\\Desktop\\BSIT\\ims\\BillingSystem\\BackEnd\\auth.py', reloading
 * Restarting with stat
 * Debugger is active!
 * Debugger PIN: 742-134-378
